2020-11-01 21:47:30,243 - NewLogger - INFO - Старт программы
2020-11-01 21:47:34,417 - NewLogger - INFO - Программа узнала имя пользователя
2020-11-01 21:47:37,304 - NewLogger - INFO - Программа начала работу над шифрованием
2020-11-01 21:47:39,166 - NewLogger - INFO - Программа закончила работу над шифрованием
2020-11-01 21:47:44,955 - NewLogger - INFO - Программа начала работу над расшифровкой 
2020-11-01 21:47:47,076 - NewLogger - INFO - Программа закончила работу над расшифровкой
2020-11-01 21:59:55,928 - NewLogger - INFO - Старт программы
2020-11-01 21:59:55,928 - NewLogger - INFO - Старт программы
2020-11-01 22:00:00,206 - NewLogger - INFO - Программа узнала имя пользователя
2020-11-01 22:00:00,206 - NewLogger - INFO - Программа узнала имя пользователя
2020-11-01 22:00:03,554 - NewLogger - INFO - Программа начала работу над шифрованием
2020-11-01 22:00:03,554 - NewLogger - INFO - Программа начала работу над шифрованием
2020-11-01 22:00:06,613 - NewLogger - INFO - Ввели число больше 10, не соответствует требованиям
2020-11-01 22:00:06,613 - NewLogger - INFO - Ввели число больше 10, не соответствует требованиям
2020-11-01 22:00:06,614 - NewLogger - INFO - Программа закончила работу над шифрованием
2020-11-01 22:00:06,614 - NewLogger - INFO - Программа закончила работу над шифрованием
2020-11-01 22:00:22,500 - NewLogger - INFO - Программа начала работу над расшифровкой 
2020-11-01 22:00:22,500 - NewLogger - INFO - Программа начала работу над расшифровкой 
2020-11-01 22:00:25,950 - NewLogger - INFO - Программа закончила работу над расшифровкой
2020-11-01 22:00:25,950 - NewLogger - INFO - Программа закончила работу над расшифровкой
2020-11-01 22:05:25,776 - NewLogger - INFO - Старт программы
2020-11-01 22:05:29,140 - NewLogger - INFO - Программа узнала имя пользователя
2020-11-01 22:05:33,670 - NewLogger - INFO - Программа начала работу над шифрованием
2020-11-01 22:05:38,263 - NewLogger - INFO - Программа закончила работу над шифрованием
2020-11-01 22:06:00,314 - NewLogger - INFO - Программа начала работу над расшифровкой 
2020-11-01 22:06:09,977 - NewLogger - INFO - Произошла ошибка, так как ввели не число
2020-11-01 22:06:09,978 - NewLogger - INFO - Программа закончила работу над расшифровкой
